============================= test session starts ==============================
platform linux -- Python 3.10.12, pytest-8.3.3, pluggy-1.5.0 -- /root/anaconda3/envs/hw4_env/bin/python3
cachedir: .pytest_cache
rootdir: /CMU_10714_Work/CMU_10714_Deep_Learning_Systems/hw4
collecting ... Using needle backend
collected 1803 items / 1796 deselected / 7 selected

tests/hw4/test_conv.py::test_nn_conv_backward[needle.backend_ndarray.ndarray_backend_cpu-4-1-1-3-1] self.bias.shape = (1,)
bias_reshape.shape = (1, 1, 1, 1)
bias_broadcast.shape = (1, 4, 4, 1)
PASSED
tests/hw4/test_conv.py::test_nn_conv_backward[needle.backend_ndarray.ndarray_backend_cpu-14-8-16-3-1] self.bias.shape = (16,)
bias_reshape.shape = (1, 1, 1, 16)
bias_broadcast.shape = (1, 14, 14, 16)
PASSED
tests/hw4/test_conv.py::test_nn_conv_backward[needle.backend_ndarray.ndarray_backend_cpu-14-8-16-3-2] self.bias.shape = (16,)
bias_reshape.shape = (1, 1, 1, 16)
bias_broadcast.shape = (1, 7, 7, 16)
PASSED
tests/hw4/test_conv.py::test_nn_conv_backward[needle.backend_ndarray.ndarray_backend_cpu-14-8-8-3-1] self.bias.shape = (8,)
bias_reshape.shape = (1, 1, 1, 8)
bias_broadcast.shape = (1, 14, 14, 8)
PASSED
tests/hw4/test_conv.py::test_nn_conv_backward[needle.backend_ndarray.ndarray_backend_cpu-14-8-8-3-2] self.bias.shape = (8,)
bias_reshape.shape = (1, 1, 1, 8)
bias_broadcast.shape = (1, 7, 7, 8)
PASSED
tests/hw4/test_conv.py::test_nn_conv_backward[needle.backend_ndarray.ndarray_backend_cpu-14-16-8-3-1] self.bias.shape = (8,)
bias_reshape.shape = (1, 1, 1, 8)
bias_broadcast.shape = (1, 14, 14, 8)
PASSED
tests/hw4/test_conv.py::test_nn_conv_backward[needle.backend_ndarray.ndarray_backend_cpu-14-16-8-3-2] self.bias.shape = (8,)
bias_reshape.shape = (1, 1, 1, 8)
bias_broadcast.shape = (1, 7, 7, 8)
PASSED

====================== 7 passed, 1796 deselected in 3.35s ======================
